
2025-11-27 18:13:55 - __main__ - INFO - [TOOL] Initializing SENTIO components...
2025-11-27 18:13:55 - __main__ - INFO - [CHART] Initializing data layer...
2025-11-27 18:13:55 - __main__ - INFO - [ROBOT] Initializing ML models...
2025-11-27 18:13:55 - __main__ - INFO - [TARGET] Initializing core processors...
2025-11-27 18:13:55 - __main__ - INFO - [BRAIN] Initializing emotion orchestrator...
2025-11-27 18:13:55 - __main__ - INFO - [SPARKLE] Initializing AI coach...
2025-11-27 18:13:55 - __main__ - INFO - [GLOBE] Initializing interfaces...
2025-11-27 18:13:55 - __main__ - INFO - [OK] All components initialized successfully!
2025-11-27 18:13:55 - __main__ - INFO - [ROCKET] Starting SENTIO services...
2025-11-27 18:13:55 - __main__ - INFO - [PLUG] Starting API Gateway...
2025-11-27 18:13:55 - __main__ - INFO - [CHART_UP] Starting Web Dashboard...
2025-11-27 18:13:55 - __main__ - INFO - 
==================================================
2025-11-27 18:13:55 - __main__ - INFO - [PARTY] SENTIO Services Started Successfully!
2025-11-27 18:13:55 - __main__ - INFO -    API Gateway: http://localhost:5000
2025-11-27 18:13:55 - __main__ - INFO -    Web Dashboard: http://localhost:8000
2025-11-27 18:13:55 - __main__ - INFO - ==================================================
2025-11-27 18:13:55 - __main__ - INFO - [NOTE] Logs are being written to: sentio.log
2025-11-27 18:13:55 - __main__ - INFO - [STOP] Press Ctrl+C to stop all services
2025-11-27 18:13:55 - werkzeug - INFO - [31m[1mWARNING: This is a development server. Do not use it in a production deployment. Use a production WSGI server instead.[0m
 * Running on http://127.0.0.1:8000
2025-11-27 18:13:55 - werkzeug - INFO - [33mPress CTRL+C to quit[0m
2025-11-27 18:13:55 - werkzeug - INFO - [31m[1mWARNING: This is a development server. Do not use it in a production deployment. Use a production WSGI server instead.[0m
 * Running on all addresses (0.0.0.0)
 * Running on http://127.0.0.1:5000
 * Running on http://192.168.31.209:5000
2025-11-27 18:13:55 - werkzeug - INFO - [33mPress CTRL+C to quit[0m
2025-11-27 18:14:10 - werkzeug - INFO - 127.0.0.1 - - [27/Nov/2025 18:14:10] "GET / HTTP/1.1" 200 -
2025-11-27 18:16:00 - __main__ - INFO - 
[STOP] Received interrupt signal...
2025-11-27 18:16:00 - __main__ - INFO - [STOP] Shutting down SENTIO...
2025-11-27 18:16:00 - __main__ - INFO - [WAVE] SENTIO shutdown complete
